CAP - USGS culvert analysis program VER 2021                           page  1

CV   TWRI 200.,0.,100.,1.6,1.6,1                                                
CG        227,120.                                                              
*C3       1.012,1,0,1                                                           
*C5       0.8412, 0.446,1.4, 0.471,1.6, 0.492,1.8, 0.512,2.0                    
*CF       6                                                                     
*CX       2.6, 3.6, 4.6, 5.6, 6.6                                               
*CQ       220, 230, 240, 250, 260, 270, 280                                     
*CN       0.024                                                                 
*PD       0.   20.0 1.0                                                         
XS   ADOP 310.                                                                  
GR        1,11.0 2,10.0 8,6.3 13,1.4 9971,1.4 9976,6.3 9992,10.0 9993,11.0      
N         0.024                                                                 
CAP - USGS culvert analysis program VER 2021                           page  2

TWRI creek culvert example                                                      
               CULVERT SECTION PROPERTIES - ID: TWRI            

                    Culvert section type: circular/pipe  
               (r or w)/D  KR or KW  Ktheta  Kproj    n      Inlet
                   0.00      1.01   1.00   1.00   0.024       1

                    <<User supplied discharge coefficients>>
                      CB12 = 0.00          C46 = 0.84
                      For type123 flow     For type 5 flow
                         C    (h1-z)/D        C    (h1-z)/D
                       0.00     0.00        0.45     1.40
                       0.00     0.00        0.47     1.60
                       0.00     0.00        0.49     1.80
                       0.00     0.00        0.51     2.00

         Barrel                                    Top        Wetted
         depth        Area        Conveyance      width      perimeter
           (ft)       (sq.ft)        (cfs)          (ft)        (ft)
          0.00          0.0            0.0        0.00           0.0
          0.33          0.8           18.1        3.59           3.7
          0.67          2.2           79.6        4.99           5.2
          1.00          4.1          187.5        6.00           6.4
          1.33          6.2          342.1        6.80           7.5
          1.67          8.6          542.3        7.45           8.4
          2.00         11.2          786.5        8.00           9.3
          2.33         13.9         1072.5        8.46          10.1
          2.67         16.8         1397.6        8.84          10.9
          3.00         19.8         1758.9        9.17          11.6
          3.33         22.9         2153.2        9.43          12.3
          3.67         26.1         2577.0        9.64          13.0
          4.00         29.3         3026.7        9.80          13.7
          4.33         32.6         3498.4        9.91          14.4
          4.67         35.9         3987.8        9.98          15.0
          5.00         39.3         4490.8       10.00          15.7
          5.33         42.6         5002.8        9.98          16.4
          5.67         45.9         5519.0        9.91          17.0
          6.00         49.2         6034.3        9.80          17.7
          6.33         52.4         6543.4        9.64          18.4
          6.67         55.6         7040.6        9.43          19.1
          7.00         58.7         7519.8        9.17          19.8
          7.33         61.7         7974.4        8.84          20.6
          7.67         64.6         8397.0        8.46          21.3
          8.00         67.4         8779.3        8.00          22.1
          8.33         69.9         9111.5        7.45          23.0
          8.67         72.3         9381.4        6.80          23.9
          9.00         74.5         9572.7        6.00          25.0
          9.33         76.3         9660.0        4.99          26.2
          9.67         77.7         9591.9        3.59          27.7
         10.00         78.5         8981.7        0.00          31.4
CAP - USGS culvert analysis program VER 2021                           page  3

TWRI creek culvert example                                                      
                          APPROACH SECTION PROPERTIES - ID: ADOP            

        Water                                Top                Critical
       Surface      Area      Conveyance    width    Alpha     discharge
       el.(ft)*    (sq.ft)      (cfs)        (ft)                (cfs)
          1.40         0.0           0.0    9958.0    1.00           0.0
          2.23      8299.0      456216.6    9959.7    1.00       42988.0
          3.07     16599.5     1448372.4    9961.4    1.00      121593.5
          3.90     24901.4     2846808.5    9963.1    1.00      223391.0
          4.73     33204.7     4598137.5    9964.8    1.00      343947.6
          5.57     41509.4     6669471.5    9966.5    1.00      480702.0
          6.40     49815.5     9037389.0    9968.6    1.00      631914.2
          7.23     58124.8    11682887.0    9973.5    1.00      796241.5
          8.07     66438.1    14593421.0    9978.5    1.00      972794.6
          8.90     74755.6    17757470.0    9983.5    1.00     1160788.1
          9.73     83077.2    21165322.0    9988.4    1.00     1359572.9
         10.57     91402.3    24811612.0    9991.1    1.00     1568759.6
         11.40     99728.8    28688108.0    9992.0    1.00     1787856.1
         12.23    108055.5    32786666.0    9992.0    1.00     2016377.1
         13.07    116382.1    37100656.0    9992.0    1.00     2253881.8
         13.90    124708.8    41624720.0    9992.0    1.00     2500041.8
         14.73    133035.5    46353976.0    9992.0    1.00     2754563.8
         15.57    141362.1    51283956.0    9992.0    1.00     3017180.2
         16.40    149688.8    56410568.0    9992.0    1.00     3287650.8
         17.23    158015.5    61729972.0    9992.0    1.00     3565751.8
         18.07    166342.1    67238648.0    9992.0    1.00     3851279.8
         18.90    174668.8    72933320.0    9992.0    1.00     4144048.0
         19.73    182995.5    78810872.0    9992.0    1.00     4443879.5
         20.57    191322.1    84868408.0    9992.0    1.00     4750612.0
         21.40    199648.8    91103216.0    9992.0    1.00     5064094.5

       *elevation referenced to common vertical datum
CAP - USGS culvert analysis program VER 2021                           page  4

TWRI creek culvert example                                                      
                     CULVERT                               APPROACH SECTION
 I.D. TWRI                  Mannings n     0.024        I.D. ADOP            
 Height       10.00 ft           Width      10.0ft      Station       310.0 ft
 Station      200.0 ft          Length    100.0 ft      Minimum el.     1.40ft
 Inlet el.      1.60ft       Outlet el.     1.60ft

         Discharge  Flow     Water Surface Elevations (feet) Critical  Error
   no.     (cfs)    type     appr.   inlet   outlet   exit     Dc       code@
    1        220.0   2         7.04    6.29    5.08    2.60      3.5    0
    2        220.0   2         7.04    6.29    5.08    3.60      3.5    0
    3        220.0   2         7.04    6.29    5.08    4.60      3.5    0
    4        220.0   3         6.98    6.30    5.60    5.60      3.5    0
    5        220.0   3         7.37    6.88    6.60    6.60      3.5    0
    6        230.0   2         7.16    6.39    5.16    2.60      3.6    0
    7        230.0   2         7.16    6.39    5.16    3.60      3.6    0
    8        230.0   2         7.16    6.39    5.16    4.60      3.6    0
    9        230.0   3         7.10    6.38    5.60    5.60      3.6    0
   10        230.0   3         7.44    6.91    6.60    6.60      3.6    0
   11        240.0   2         7.28    6.49    5.24    2.60      3.6    0
   12        240.0   2         7.28    6.49    5.24    3.60      3.6    0
   13        240.0   2         7.28    6.49    5.24    4.60      3.6    0
   14        240.0   3         7.22    6.46    5.60    5.60      3.6    0
   15        240.0   3         7.52    6.95    6.60    6.60      3.6    0
   16        250.0   2         7.41    6.59    5.32    2.60      3.7    0
   17        250.0   2         7.41    6.59    5.32    3.60      3.7    0
   18        250.0   2         7.41    6.59    5.32    4.60      3.7    0
   19        250.0   3         7.35    6.55    5.60    5.60      3.7    0
   20        250.0   3         7.59    6.98    6.60    6.60      3.7    0

             Fall (ft)     Losses (ft)       Appr. Section  Control Section
  no.   C   entry  eff.  entry(1-2) (2-3)    VH  alph   F    energy    F
   1   0.94  1.96  1.44  0.17  0.00  0.52   0.00 1.00  0.00     6.35  1.00
   2   0.94  1.96  1.44  0.17  0.00  0.52   0.00 1.00  0.00     6.35  1.00
   3   0.94  1.96  1.44  0.17  0.00  0.52   0.00 1.00  0.00     6.35  1.00
   4   0.94  1.38  0.99  0.11  0.00  0.40   0.00 1.00  0.00     6.47  0.76
   5   0.94  0.77  0.55  0.07  0.00  0.22   0.00 1.00  0.00     7.09  0.50
   6   0.94  2.00  1.48  0.17  0.00  0.52   0.00 1.00  0.00     6.47  1.00
   7   0.94  2.00  1.48  0.17  0.00  0.52   0.00 1.00  0.00     6.47  1.00
   8   0.94  2.00  1.48  0.17  0.00  0.52   0.00 1.00  0.00     6.47  1.00
   9   0.94  1.50  1.08  0.13  0.00  0.42   0.00 1.00  0.00     6.55  0.80
  10   0.94  0.84  0.61  0.07  0.00  0.24   0.00 1.00  0.00     7.13  0.52
  11   0.94  2.05  1.52  0.18  0.00  0.52   0.00 1.00  0.00     6.58  1.00
  12   0.94  2.05  1.52  0.18  0.00  0.52   0.00 1.00  0.00     6.58  1.00
  13   0.94  2.05  1.52  0.18  0.00  0.52   0.00 1.00  0.00     6.58  1.00
  14   0.94  1.62  1.18  0.14  0.00  0.44   0.00 1.00  0.00     6.64  0.83
  15   0.94  0.92  0.66  0.08  0.00  0.26   0.00 1.00  0.00     7.18  0.54
  16   0.94  2.09  1.56  0.19  0.00  0.53   0.00 1.00  0.00     6.69  1.00
  17   0.94  2.09  1.56  0.19  0.00  0.53   0.00 1.00  0.00     6.69  1.00
  18   0.94  2.09  1.56  0.19  0.00  0.53   0.00 1.00  0.00     6.69  1.00
  19   0.94  1.75  1.28  0.15  0.00  0.47   0.00 1.00  0.00     6.73  0.87
  20   0.94  0.99  0.72  0.09  0.00  0.27   0.00 1.00  0.00     7.23  0.57
________________________________________________________________________________
Abrevs. used: appr.-approach  C-discharge coefficient  eff.-effective
VH-velocity head  alph-velocity coefficient  n-Manning's roughness coef.
energy-specific energy  F-Froude number

Note: For flow types 1-3, the C values shown were adjusted for channel
contraction, if necessary, according to fig. 19 in TWRI 3-A3 (p. 38).

      @Error codes:  -1,1-7 fatal error; 8-15 warning; 0 no error
CAP - USGS culvert analysis program VER 2021                           page  5

TWRI creek culvert example                                                      
                     CULVERT                               APPROACH SECTION
 I.D. TWRI                  Mannings n     0.024        I.D. ADOP            
 Height       10.00 ft           Width      10.0ft      Station       310.0 ft
 Station      200.0 ft          Length    100.0 ft      Minimum el.     1.40ft
 Inlet el.      1.60ft       Outlet el.     1.60ft

         Discharge  Flow     Water Surface Elevations (feet) Critical  Error
   no.     (cfs)    type     appr.   inlet   outlet   exit     Dc       code@
   21        260.0   2         7.53    6.68    5.39    2.60      3.8    0
   22        260.0   2         7.53    6.68    5.39    3.60      3.8    0
   23        260.0   2         7.53    6.68    5.39    4.60      3.8    0
   24        260.0   3         7.48    6.64    5.60    5.60      3.8    0
   25        260.0   3         7.67    7.02    6.60    6.60      3.8    0
   26        270.0   2         7.65    6.77    5.47    2.60      3.9    0
   27        270.0   2         7.65    6.77    5.47    3.60      3.9    0
   28        270.0   2         7.65    6.77    5.47    4.60      3.9    0
   29        270.0   3         7.61    6.74    5.60    5.60      3.9    0
   30        270.0   3         7.75    7.06    6.60    6.60      3.9    0
   31        280.0   2         7.76    6.86    5.54    2.60      3.9    0
   32        280.0   2         7.76    6.86    5.54    3.60      3.9    0
   33        280.0   2         7.76    6.86    5.54    4.60      3.9    0
   34        280.0   3         7.75    6.85    5.60    5.60      3.9    0
   35        280.0   3         7.83    7.10    6.60    6.60      3.9    0

             Fall (ft)     Losses (ft)       Appr. Section  Control Section
  no.   C   entry  eff.  entry(1-2) (2-3)    VH  alph   F    energy    F
  21   0.94  2.14  1.60  0.19  0.00  0.53   0.00 1.00  0.00     6.80  1.00
  22   0.94  2.14  1.60  0.19  0.00  0.53   0.00 1.00  0.00     6.80  1.00
  23   0.94  2.14  1.60  0.19  0.00  0.53   0.00 1.00  0.00     6.80  1.00
  24   0.94  1.88  1.39  0.17  0.00  0.49   0.00 1.00  0.00     6.82  0.90
  25   0.94  1.07  0.78  0.09  0.00  0.29   0.00 1.00  0.00     7.28  0.59
  26   0.94  2.18  1.64  0.20  0.00  0.54   0.00 1.00  0.00     6.91  1.00
  27   0.94  2.18  1.64  0.20  0.00  0.54   0.00 1.00  0.00     6.91  1.00
  28   0.94  2.18  1.64  0.20  0.00  0.54   0.00 1.00  0.00     6.91  1.00
  29   0.94  2.01  1.50  0.18  0.00  0.51   0.00 1.00  0.00     6.92  0.94
  30   0.94  1.15  0.84  0.10  0.00  0.31   0.00 1.00  0.00     7.33  0.61
  31   0.94  2.22  1.68  0.21  0.00  0.54   0.00 1.00  0.00     7.01  1.00
  32   0.94  2.22  1.68  0.21  0.00  0.54   0.00 1.00  0.00     7.01  1.00
  33   0.94  2.22  1.68  0.21  0.00  0.54   0.00 1.00  0.00     7.01  1.00
  34   0.94  2.15  1.61  0.20  0.00  0.53   0.00 1.00  0.00     7.01  0.97
  35   0.94  1.23  0.90  0.11  0.00  0.33   0.00 1.00  0.00     7.39  0.63
________________________________________________________________________________
Abrevs. used: appr.-approach  C-discharge coefficient  eff.-effective
VH-velocity head  alph-velocity coefficient  n-Manning's roughness coef.
energy-specific energy  F-Froude number

Note: For flow types 1-3, the C values shown were adjusted for channel
contraction, if necessary, according to fig. 19 in TWRI 3-A3 (p. 38).

      @Error codes:  -1,1-7 fatal error; 8-15 warning; 0 no error


          ---------Warning Messages-------------

