CAP - USGS culvert analysis program VER 2021                           page  1

CV   PCUL 200.,0.,53.,0.22,0.55,1                                               
*C1       0.95,0.160 0.938,0.333 0.892,1.0 .873,1.2                             
*C3       1.04,1,0,1                                                            
*C5       0.88, 0.46,1.4, 0.51,1.6, 0.54,1.8, 0.56,2.0                          
*CF       6                                                                     
*CS       5.,5.97 4.0,5.86898 3.0,5.55257 2.5,5.3001 2.,4.97                    
*CS       1.5,4.5407 1.,3.97 0.5,3.149 0.25,2.5312 0.,0.97 0.375,0.97           
*CS       0.375,0.22 9.625,0.22 9.625,0.97 10.,0.97 9.75,2.5312                 
*CS       9.5,3.149 9.,3.97 8.5,4.542 8.,4.97 7.5 5.3001 7.,5.55257             
*CS       6.,5.86898 5.,5.97                                                    
*CX       .62                                                                   
*CQ       20., 25.7, 27.9, 30.                                                  
*CN       0.017                                                                 
*PD       0.   20.0 1.0                                                         
     *C3 record ignored except inlet code-WARNING
XS   PCRK 268.8                                                                 
GR        -2,8.22 0.,8.22 4,7.92 10,7.32 16,6.62 18,5.62                        
GR        20,4.42 22,2.22 25,0.22 28,0.72 30,0.72 32,0.62                       
GR        35.,0.82 38.,2.22 40.,2.92 42.,3.62 42.,4.32 47.,4.82                 
GR        50.,5.12 55.,5.52 60.,5.82 65.,5.92 70,6.22 75,6.52 80.,6.82          
N         0.040,0.040  0.040,0.030  0.040,0.040                                 
ND        2,2  2,3   2,2                                                        
SA        18.0  42.0                                                            
CAP - USGS culvert analysis program VER 2021                           page  2

Pigeon House Creek culvert example                                              
               CULVERT SECTION PROPERTIES - ID: PCUL            

                    Culvert section type: nonstandard    
               (r or w)/D  KR or KW  Ktheta  Kproj    n      Inlet
                   0.00      1.00   1.00   1.00   0.017       1

                    <<User supplied discharge coefficients>>
                      CB12 = 0.00          C46 = 0.88
                      For type123 flow     For type 5 flow
                         C    (h1-z)/D        C    (h1-z)/D
                       0.95     0.16        0.46     1.40
                       0.94     0.33        0.51     1.60
                       0.89     1.00        0.54     1.80
                       0.87     1.20        0.56     2.00

         Barrel                                    Top        Wetted
         depth        Area        Conveyance      width      perimeter
           (ft)       (sq.ft)        (cfs)          (ft)        (ft)
          0.00          0.0            0.0        0.00           0.0
          0.19          1.8           50.3        9.25           9.6
          0.38          3.5          155.5        9.25          10.0
          0.58          5.3          298.1        9.25          10.4
          0.77          7.1          450.8        9.99          11.5
          0.96          9.0          655.7        9.93          11.9
          1.15         10.9          882.5        9.87          12.3
          1.34         12.8         1127.6        9.81          12.7
          1.53         14.7         1387.9        9.75          13.1
          1.73         16.5         1661.1        9.69          13.5
          1.92         18.4         1945.3        9.63          13.9
          2.11         20.2         2238.7        9.56          14.3
          2.30         22.1         2540.0        9.50          14.6
          2.49         23.9         2843.2        9.35          15.1
          2.68         25.6         3147.7        9.20          15.5
          2.88         27.4         3452.2        9.04          15.9
          3.07         29.1         3751.1        8.83          16.3
          3.26         30.8         4043.0        8.60          16.8
          3.45         32.4         4328.3        8.37          17.2
          3.64         34.0         4606.3        8.13          17.7
          3.83         35.5         4871.2        7.85          18.1
          4.03         37.0         5117.3        7.52          18.6
          4.22         38.4         5349.3        7.18          19.2
          4.41         39.7         5559.6        6.80          19.7
          4.60         41.0         5742.6        6.35          20.3
          4.79         42.2         5901.1        5.87          20.9
          4.98         43.2         6020.0        5.29          21.6
          5.18         44.2         6098.6        4.62          22.4
          5.37         45.0         6119.0        3.78          23.3
          5.56         45.6         6040.0        2.57          24.6
          5.75         45.9         5710.4        0.00          27.2
CAP - USGS culvert analysis program VER 2021                           page  3

Pigeon House Creek culvert example                                              
                          APPROACH SECTION PROPERTIES - ID: PCRK            

        Water                                Top                Critical
       Surface      Area      Conveyance    width    Alpha     discharge
       el.(ft)*    (sq.ft)      (cfs)        (ft)                (cfs)
          0.22         0.0           0.0       0.0    1.00           0.0
          1.05         4.8          95.3      11.8    1.00          17.2
          1.89        15.8         595.3      14.8    1.00          92.8
          2.72        29.4        1458.9      17.9    1.00         214.1
          3.55        45.6        2819.3      21.0    1.00         381.5
          4.39        63.6        5717.0      22.6    1.00         605.5
          5.22        86.5        8835.3      32.6    1.07         800.4
          6.05       119.9       12798.2      50.1    1.22        1052.0
          6.89       168.3       18400.0      66.3    1.39        1521.4
          7.72       226.6       25946.9      74.0    1.45        2250.1
          8.55       292.3       35170.3      82.0    1.47        3132.1
          9.39       360.7       46137.7      82.0    1.45        4292.2
         10.22       429.0       58463.6      82.0    1.42        5568.1
         11.05       497.3       71994.8      82.0    1.39        6950.1
         11.89       565.7       86616.7      82.0    1.37        8430.7
         12.72       634.0      102238.4      82.0    1.35       10003.6
         13.55       702.3      118785.5      82.0    1.34       11663.7
         14.39       770.7      136195.0      82.0    1.33       13406.7
         15.22       839.0      154413.3      82.0    1.32       15228.7
         16.05       907.3      173393.9      82.0    1.32       17126.6
         16.89       975.7      193095.8      82.0    1.32       19097.4
         17.72      1044.0      213482.8      82.0    1.32       21138.4
         18.55      1112.3      234522.9      82.0    1.32       23247.3
         19.39      1180.7      256187.1      82.0    1.33       25422.1
         20.22      1249.0      278449.2      82.0    1.33       27660.8

       *elevation referenced to common vertical datum
CAP - USGS culvert analysis program VER 2021                           page  4

Pigeon House Creek culvert example                                              
                     CULVERT                               APPROACH SECTION
 I.D. PCUL                  Mannings n     0.017        I.D. PCRK            
 Height        5.75 ft           Width      10.0ft      Station       268.8 ft
 Station      200.0 ft          Length     53.0 ft      Minimum el.     0.22ft
 Inlet el.      0.55ft       Outlet el.     0.22ft

         Discharge  Flow     Water Surface Elevations (feet) Critical  Error
   no.     (cfs)    type     appr.   inlet   outlet   exit     Dc       code@
    1         20.0   1         1.38    1.08********    0.62      0.5    0
    2         25.7   1         1.51    1.18********    0.62      0.6    0
    3         27.9   1         1.56    1.21********    0.62      0.7    0
    4         30.0   1         1.60    1.25********    0.62      0.7    0

             Fall (ft)     Losses (ft)       Appr. Section  Control Section
  no.   C   entry  eff.  entry(1-2) (2-3)    VH  alph   F    energy    F
   1   0.96  0.30  0.28  0.02  0.10 *****   0.08 1.00  0.49     1.34  1.00
   2   0.96  0.33  0.33  0.02  0.10 *****   0.09 1.00  0.49     1.48  1.00
   3   0.96  0.34  0.35  0.03  0.10 *****   0.10 1.00  0.49     1.53  1.00
   4   0.96  0.35  0.36  0.03  0.09 *****   0.10 1.00  0.49     1.58  1.00
________________________________________________________________________________
Abrevs. used: appr.-approach  C-discharge coefficient  eff.-effective
VH-velocity head  alph-velocity coefficient  n-Manning's roughness coef.
energy-specific energy  F-Froude number

Note: For flow types 1-3, the C values shown were adjusted for channel
contraction, if necessary, according to fig. 19 in TWRI 3-A3 (p. 38).

      @Error codes:  -1,1-7 fatal error; 8-15 warning; 0 no error


          ---------Warning Messages-------------

