CAP -USGS culvert analysis program VER 97-08c                          page  0

CV   BAR2 15.,0.,50.,0.65,0.94,1                                                
CG        327,106.,186.                                                         
*C3       1.,1.,0.,2                                                            
*C5       0.74, 0.405,1.4, 0.432,1.6, 0.451,1.8, 0.469,2.0                      
*CF       6                                                                     
*CX       5.24                                                                  
*CQ       836, 837, 838, 839                                                    
*CN       0.032                                                                 
*PD       0.   19.0 1.0                                                         
     *C3 record ignored except inlet code-WARNING
XS   APP2 124.                                                                  
GR        45., 9.04 45.,2.3 48.,0.3 51.,2.1 54.,2.0 57.,2.                      
GR        60.,1.8 63.,2.4 66.,4. 69.,6.4 72.,9.02                               
N         0.035                                                                 
EX                                                                              
CAP -USGS culvert analysis program VER 97-08c                          page  1

Rio Grande Conveyance Channel multi-culvert barrel 2                            
               CULVERT SECTION PROPERTIES - ID: BAR2            

                    Culvert section type: pipe-arch      
               (r or w)/D  KR or KW  Ktheta  Kproj    n      Inlet
                   0.00      1.00   1.00   1.00   0.032       2

                    <<User supplied discharge coefficients>>
                      CB12 = 0.00          C46 = 0.74
                      For type123 flow     For type 5 flow
                         C    (h1-z)/D        C    (h1-z)/D
                       0.00     0.00        0.41     1.40
                       0.00     0.00        0.43     1.60
                       0.00     0.00        0.45     1.80
                       0.00     0.00        0.47     2.00

         Barrel                                    Top        Wetted
         depth        Area        Conveyance      width      perimeter
           (ft)       (sq.ft)        (cfs)          (ft)        (ft)
          0.00          0.0            0.0        0.00           0.0
          0.29          1.5           23.6        7.66           7.7
          0.59          4.3          105.8       10.81          10.9
          0.88          7.8          253.7       13.20          13.4
          1.18         11.9          480.9       14.39          14.7
          1.47         16.2          778.2       14.94          15.5
          1.77         20.7         1133.2       15.27          16.2
          2.06         25.2         1537.4       15.45          16.8
          2.36         29.8         1982.1       15.50          17.4
          2.65         34.3         2457.7       15.21          18.0
          2.94         38.8         2947.2       15.08          18.6
          3.24         43.2         3452.5       14.92          19.2
          3.53         47.6         3969.0       14.73          19.8
          3.83         51.9         4492.0       14.52          20.4
          4.12         56.1         5017.5       14.28          21.1
          4.42         60.3         5541.1       14.02          21.7
          4.71         64.4         6058.9       13.72          22.4
          5.01         68.3         6566.8       13.39          23.1
          5.30         72.2         7060.8       13.03          23.7
          5.59         76.0         7536.5       12.62          24.5
          5.89         79.7         7989.9       12.18          25.2
          6.18         83.2         8416.2       11.69          26.0
          6.48         86.5         8810.5       11.14          26.8
          6.77         89.7         9167.5       10.54          27.6
          7.07         92.7         9480.9        9.86          28.5
          7.36         95.5         9743.3        9.10          29.5
          7.66         98.1         9945.1        8.22          30.5
          7.95        100.4        10073.2        7.20          31.7
          8.24        102.3        10106.1        5.93          33.1
          8.54        103.8         9997.8        4.24          34.9
          8.83        104.7         9378.3        0.00          39.2
CAP -USGS culvert analysis program VER 97-08c                          page  2

Rio Grande Conveyance Channel multi-culvert barrel 2                            
                          APPROACH SECTION PROPERTIES - ID: APP2            

        Water                                Top                Critical
       Surface      Area      Conveyance    width    Alpha     discharge
       el.(ft)*    (sq.ft)      (cfs)        (ft)                (cfs)
          0.30         0.0           0.0       0.0    1.00           0.0
          1.09         1.0          20.4       2.5    1.00           3.5
          1.88         4.0         112.7       6.7    1.00          17.8
          2.68        16.6         619.6      18.5    1.00          89.0
          3.47        31.8        1701.1      20.0    1.00         227.7
          4.26        48.2        3185.2      21.3    1.00         411.4
          5.05        65.5        5032.6      22.3    1.00         636.7
          5.84        83.5        7190.7      23.3    1.00         897.7
          6.63       102.4        9644.8      24.3    1.00        1193.3
          7.42       122.0       12385.2      25.2    1.00        1523.1
          8.22       142.2       15393.8      26.1    1.00        1885.0
          9.01       163.2       18665.3      27.0    1.00        2278.3
          9.80       184.6       22281.8      27.0    1.00        2739.5
         10.59       206.0       26039.3      27.0    1.00        3228.7
         11.38       227.4       29917.3      27.0    1.00        3744.1
         12.18       248.7       33900.3      27.0    1.00        4284.3
         12.97       270.1       37975.8      27.0    1.00        4848.2
         13.76       291.5       42132.8      27.0    1.00        5434.9
         14.55       312.9       46362.5      27.0    1.00        6043.5
         15.34       334.2       50657.0      27.0    1.00        6673.3
         16.13       355.6       55009.6      27.0    1.00        7323.6
         16.93       377.0       59414.7      27.0    1.00        7993.7
         17.72       398.4       63867.2      27.0    1.00        8683.1
         18.51       419.7       68362.7      27.0    1.00        9391.3
         19.30       441.1       72897.4      27.0    1.00       10117.7

       *elevation referenced to common vertical datum
CAP -USGS culvert analysis program VER 97-08c                          page  3

Rio Grande Conveyance Channel multi-culvert barrel 2                            
                     CULVERT                               APPROACH SECTION
 I.D. BAR2                  Mannings n     0.032        I.D. APP2            
 Height        8.83 ft           Width      15.5ft      Station       124.0 ft
 Station       15.0 ft          Length     50.0 ft      Minimum el.     0.30ft
 Inlet el.      0.94ft       Outlet el.     0.65ft

         Discharge  Flow     Water Surface Elevations (feet) Critical  Error
   no.     (cfs)    type     appr.   inlet   outlet   exit     Dc       code@
    1        836.0   2         9.03    7.03    5.52    5.24      4.9    0
    2        837.0   2         9.03    7.03    5.52    5.24      4.9    0
    3        838.0   2         9.04    7.04    5.52    5.24      4.9    0
    4        839.0   2         9.05    7.04    5.53    5.24      4.9    0

             Fall (ft)     Losses (ft)       Appr. Section  Control Section
  no.   C   entry  eff.  entry(1-2) (2-3)    VH  alph   F    energy    F
   1   0.91  3.51  2.98  0.53  0.27  0.67   0.40 1.00  0.37     7.97  1.00
   2   0.91  3.51  2.98  0.53  0.27  0.67   0.40 1.00  0.37     7.98  1.00
   3   0.91  3.52  2.99  0.53  0.27  0.67   0.40 1.00  0.36     7.98  1.00
   4   0.91  3.52  2.99  0.53  0.27  0.67   0.40 1.00  0.36     7.99  1.00
________________________________________________________________________________
Abrevs. used: appr.-approach  C-discharge coefficient  eff.-effective
VH-velocity head  alph-velocity coefficient  n-Manning's roughness coef.
energy-specific energy  F-Froude number  entry,(1-2),(2-3)-part of reach

      @Error codes:  -1,1-7 fatal error; 8-15 warning; 0 no error


          ---------Warning Messages-------------

