CAP -USGS culvert analysis program VER 97-08c                          page  0

CV   EX01 5.0,0,50.,5.4,6.4,1                                                   
CG        211,48.,48.                                                           
*CC       0,3.6,0,1,0                                                           
*CX       6.4                                                                   
*CQ       190., 200., 209., 210., 220.                                          
*CN       0.012                                                                 
*PD       0.   20.0 1.0                                                         
     No *CF record, type 6 and 5 flows computed  
XS   AP01 63.0                                                                  
GR        0.,9. 0.,6.4 1.,6.6 2.,6.6 3.,6.5 5.,6.5 6.,6.7 7.,7                  
GR        8.,8.1 10.,9.                                                         
N         0.025                                                                 
EX                                                                              
CAP -USGS culvert analysis program VER 97-08c                          page  1

Example 8 in TWRI concrete pipe culvert type 6 flow                             
               CULVERT SECTION PROPERTIES - ID: EX01            

                    Culvert section type: circular/pipe  
               (r or w)/D  KR or KW  Ktheta  Kproj    n      Inlet
                   0.07      1.00   1.00   1.00   0.012       1

                    <<User supplied discharge coefficients>>
                      CB12 = 0.00          C46 = 0.95
                      For type123 flow     For type 5 flow
                         C    (h1-z)/D        C    (h1-z)/D
                       0.00     0.00        0.00     0.00
                       0.00     0.00        0.00     0.00
                       0.00     0.00        0.00     0.00
                       0.00     0.00        0.00     0.00

         Barrel                                    Top        Wetted
         depth        Area        Conveyance      width      perimeter
           (m)        (sq. m)        (cms)          (m)         (m)
         0.000         0.00           0.00       0.000          0.00
         0.041         0.01           0.09       0.438          0.45
         0.081         0.03           0.39       0.608          0.64
         0.122         0.06           0.92       0.732          0.78
         0.163         0.09           1.68       0.829          0.91
         0.203         0.13           2.67       0.909          1.03
         0.244         0.17           3.87       0.975          1.13
         0.284         0.21           5.28       1.031          1.23
         0.325         0.25           6.88       1.078          1.32
         0.366         0.29           8.65       1.117          1.41
         0.406         0.34          10.59       1.149          1.50
         0.447         0.39          12.68       1.175          1.59
         0.488         0.44          14.89       1.195          1.67
         0.528         0.48          17.21       1.208          1.75
         0.569         0.53          19.62       1.216          1.83
         0.610         0.58          22.09       1.219          1.92
         0.650         0.63          24.61       1.216          2.00
         0.691         0.68          27.15       1.208          2.08
         0.732         0.73          29.68       1.195          2.16
         0.772         0.78          32.19       1.175          2.24
         0.813         0.83          34.63       1.149          2.33
         0.853         0.87          36.99       1.117          2.42
         0.894         0.92          39.23       1.078          2.51
         0.935         0.96          41.31       1.031          2.60
         0.975         1.00          43.19       0.975          2.70
         1.016         1.04          44.82       0.909          2.80
         1.057         1.07          46.15       0.829          2.92
         1.097         1.11          47.09       0.732          3.05
         1.138         1.13          47.52       0.608          3.19
         1.179         1.16          47.19       0.438          3.38
         1.219         1.17          44.18       0.000          3.83
CAP -USGS culvert analysis program VER 97-08c                          page  2

Example 8 in TWRI concrete pipe culvert type 6 flow                             
                          APPROACH SECTION PROPERTIES - ID: AP01            

        Water                                Top                Critical
       Surface      Area      Conveyance    width    Alpha     discharge
       el.( m)*    (sq. m)      (cms)        (m)                 (cms)
         1.951        0.00          0.00      0.00   1.000          0.00
         2.205        0.42          5.18      2.20   1.000          0.58
         2.459        1.01         19.18      2.43   1.000          2.04
         2.713        1.70         38.61      2.98   1.000          4.01
         2.967        2.47         66.19      3.05   1.000          6.96
         3.221        3.24         97.12      3.05   1.000         10.48
         3.475        4.02        130.13      3.05   1.000         14.45
         3.729        4.79        164.63      3.05   1.000         18.83
         3.983        5.57        200.24      3.05   1.000         23.57
         4.237        6.34        236.70      3.05   1.000         28.65
         4.491        7.11        273.82      3.05   1.000         34.05
         4.745        7.89        311.48      3.05   1.000         39.76
         4.999        8.66        349.57      3.05   1.000         45.76
         5.253        9.44        388.01      3.05   1.000         52.02
         5.507       10.21        426.75      3.05   1.000         58.56
         5.761       10.99        465.74      3.05   1.000         65.34
         6.015       11.76        504.94      3.05   1.000         72.37
         6.269       12.53        544.32      3.05   1.000         79.63
         6.523       13.31        583.87      3.05   1.000         87.12
         6.777       14.08        623.54      3.05   1.000         94.83
         7.031       14.86        663.34      3.05   1.000        102.76
         7.285       15.63        703.24      3.05   1.000        110.89
         7.539       16.41        743.24      3.05   1.000        119.23
         7.793       17.18        783.32      3.05   1.000        127.77
         8.047       17.95        823.47      3.05   1.000        136.51

       *elevation referenced to common vertical datum
CAP -USGS culvert analysis program VER 97-08c                          page  3

Example 8 in TWRI concrete pipe culvert type 6 flow                             
                     CULVERT                               APPROACH SECTION
 I.D. EX01                  Mannings n     0.012        I.D. AP01            
 Height       1.219 m            Width      1.22m       Station       19.20 m 
 Station       1.52 m           Length    15.24 m       Minimum el.    0.000m 
 Inlet el.     1.951m        Outlet el.    1.646m 

         Discharge  Flow     Water Surface Elevations(meter) Critical  Error
   no.     (cms)    type     appr.   inlet   outlet   exit     Dc       code@
    1         5.38   5       4.831   3.170   1.951   1.951     1.16    0
    2         5.38  16       4.028   3.170********   1.951     1.16   11
    3         5.66   5       5.064   3.170   1.951   1.951     1.17    0
    4         5.66  16       4.093   3.170********   1.951     1.17   11
    5         5.92   5       5.213   3.170   1.951   1.951     1.18    0
    6         5.92   6       4.138   3.170   2.865   1.951     1.18    0
    7         5.95   5       5.230   3.170   1.951   1.951     1.18    0
    8         5.95   6       4.151   3.170   2.865   1.951     1.18    0
    9         6.23   5       5.394   3.170   1.951   1.951     1.18    0
   10         6.23   6       4.289   3.170   2.865   1.951     1.18    0

             Fall (m)      Losses (m)        Appr. Section  Control Section
  no.   C   entry  eff.  entry(1-2) (2-3)    VH  alph   F    energy    F
   1   0.61****** 0.878 0.548 0.000******  0.007 1.00  0.13 ******** *****
   2   0.95******************************  0.014 1.00  0.22 ******** *****
   3   0.62****** 0.949 0.583 0.000******  0.006 1.00  0.12 ******** *****
   4   0.95******************************  0.014 1.00  0.22 ******** *****
   5   0.63****** 0.994 0.595 0.000******  0.006 1.00  0.12 ******** *****
   6   0.95****** 0.438 0.039 0.001 0.083  0.015 1.00  0.22 ******** *****
   7   0.63****** 0.999 0.597 0.000******  0.006 1.00  0.12 ******** *****
   8   0.95****** 0.442 0.040 0.001 0.084  0.015 1.00  0.22 ******** *****
   9   0.65****** 1.050 0.607 0.000******  0.006 1.00  0.11 ******** *****
  10   0.95****** 0.486 0.043 0.000 0.092  0.014 1.00  0.21 ******** *****
________________________________________________________________________________
Abrevs. used: appr.-approach  C-discharge coefficient  eff.-effective
VH-velocity head  alph-velocity coefficient  n-Manning's roughness coef.
energy-specific energy  F-Froude number  entry,(1-2),(2-3)-part of reach

      @Error codes:  -1,1-7 fatal error; 8-15 warning; 0 no error


          ---------Warning Messages-------------

  11   WARNING -- linearily interpolated between high head flows
                  and low head flows
